mode: set
test/alterstay/features/articles/presentation/handler.go:16.68,20.2 1 1
test/alterstay/features/articles/presentation/handler.go:22.59,24.16 2 1
test/alterstay/features/articles/presentation/handler.go:30.2,33.4 1 1
test/alterstay/features/articles/presentation/handler.go:24.16,29.3 1 1
test/alterstay/features/articles/presentation/handler.go:37.59,40.20 3 1
test/alterstay/features/articles/presentation/handler.go:46.2,48.14 3 1
test/alterstay/features/articles/presentation/handler.go:54.2,54.16 1 1
test/alterstay/features/articles/presentation/handler.go:58.2,61.4 1 1
test/alterstay/features/articles/presentation/handler.go:40.20,45.3 1 1
test/alterstay/features/articles/presentation/handler.go:48.14,53.3 1 1
test/alterstay/features/articles/presentation/handler.go:54.16,56.3 1 0
test/alterstay/features/articles/business/useCase.go:11.68,15.2 1 1
test/alterstay/features/articles/business/useCase.go:17.67,20.2 2 1
test/alterstay/features/articles/business/useCase.go:22.74,25.2 2 1
test/alterstay/features/articles/data/model.go:18.46,27.2 1 1
test/alterstay/features/articles/data/model.go:29.50,31.24 2 1
test/alterstay/features/articles/data/model.go:34.2,34.15 1 1
test/alterstay/features/articles/data/model.go:31.24,33.3 1 1
test/alterstay/features/articles/data/model.go:37.44,42.2 1 1
test/alterstay/features/articles/data/mysql.go:14.56,18.2 1 1
test/alterstay/features/articles/data/mysql.go:20.84,23.21 3 1
test/alterstay/features/articles/data/mysql.go:26.2,26.36 1 1
test/alterstay/features/articles/data/mysql.go:23.21,25.3 1 0
test/alterstay/features/articles/data/mysql.go:29.91,32.21 3 1
test/alterstay/features/articles/data/mysql.go:35.2,35.26 1 1
test/alterstay/features/articles/data/mysql.go:38.2,38.34 1 1
test/alterstay/features/articles/data/mysql.go:32.21,34.3 1 1
test/alterstay/features/articles/data/mysql.go:35.26,37.3 1 0
